C51 COMPILER V9.60.0.0   MAIN                                                              09/14/2022 16:14:24 PAGE 1   


C51 COMPILER V9.60.0.0, COMPILATION OF MODULE MAIN
OBJECT MODULE PLACED IN .\Objects\main.obj
COMPILER INVOKED BY: E:\app\keil5\C51\BIN\C51.EXE main.c OPTIMIZE(8,SPEED) BROWSE INCDIR(.\lib) DEBUG OBJECTEXTEND PRINT
                    -(.\Listings\main.lst) OBJECT(.\Objects\main.obj)

line level    source

   1          /*! company     :     guangzhou HoneStar
   2           * 
   3           * 　 ┏┓ 　┏┓+ +
   4           * 　┏┛┻━━━┛┻┓ + +
   5           * 　┃　　　　  　┃ 　
   6           * 　┃　　　━　　　┃ ++ + + +
   7           *  ████━████      ┃+
   8           * 　┃　　　　　　　┃ +
   9           * 　┃　　　┻　　　┃
  10           * 　┃　　　　　　┃ + +
  11           * 　┗━┓　　　┏━┛
  12           * 　　┃　　　┃　　　　　　　　　　　
  13           * 　　┃　　　┃ + + + +
  14           * 　　┃　　　┃
  15           * 　　┃　　　┃ +  神兽保佑
  16           * 　　┃　　　┃    代码无bug　　
  17           * 　　┃　　　┃　　+　　　　　　　　　
  18           * 　　┃　 　　┗━━━┓ + +
  19           * 　　┃ 　　　　　　　┣┓
  20           * 　　┃ 　　　　　　　┏┛
  21           * 　　┗┓┓┏━┳┓┏┛ + + + +
  22           * 　    ┃┫┫　┃┫┫
  23           * 　　　┗┻┛　┗┻┛+ + + +
  24           * 
  25           * 
  26           * Date: 2022-08-26 16:59:12
  27           * LastEditors: qs
  28           * LastEditTime: 2022-08-30 09:52:51
  29           * FilePath: \myDemo\main.c
  30           */
  31          
  32          
  33          #include <SC92R342_C.H>
  34          #include "SensorMethod.h"
  35          
  36          #define uint unsigned int
  37          #define uchar unsigned char
  38          
  39          sbit    COM0 = P0^1;
  40          sbit    COM1 = P0^0;
  41          sbit    COM3 = P0^2;
  42          sbit    COM2 = P0^3;
  43          
  44          sbit    SEG0 = P0^5;//a
  45          sbit    SEG1 = P2^0;//f
  46          sbit    SEG2 = P0^6;//b
  47          sbit    SEG3 = P0^4;//g
  48          sbit    SEG4 = P5^1;//c
  49          sbit    SEG5 = P5^0;//dp
  50          sbit    SEG6 = P1^1;//d
  51          sbit    SEG7 = P1^2;//e
  52          
  53          sbit    BUZ = P1^6;
  54          
C51 COMPILER V9.60.0.0   MAIN                                                              09/14/2022 16:14:24 PAGE 2   

  55          uchar code sound[]={0xff,
  56                              0x26,0x40,0x26,0x40,0x24,0x40,0x20,0x40, //3345
  57                                                                                          0x20,0x40,0x24,0x40,0x26,0x40,0x2b,0x40, //5432
  58                                                                                          0x30,0x40,0x30,0x40,0x2b,0x40,0x26,0x40, //1123
  59                                                                                          0x26,0x40,0x26,0x20,0x2b,0x20,0x2b,0x40, 0x2b,0x40,//3.2_2-
  60                              0x26,0x40,0x26,0x40,0x24,0x40,0x20,0x40, //3345
  61                                                                                          0x20,0x40,0x24,0x40,0x26,0x40,0x2b,0x40, //5432
  62                                                                                          0x30,0x40,0x30,0x40,0x2b,0x40,0x26,0x40, //1123
  63                                                                                          0x2b,0x40,0x2b,0x20,0x30,0x20,0x30,0x40,0x30,0x40,//2.1_1-
  64                                                                                          0xff,0x40,
  65                                                                                          0x2b,0x40,0x2b,0x40,0x26,0x40,0x30,0x40, //2231
  66                                                                                          0x2b,0x40,0x26,0x20,0x24,0x20,0x26,0x40,0x30,0x40,//23_4_31
  67                                                                                          0x2b,0x40,0x26,0x20,0x24,0x20,0x26,0x40,0x2b,0x40,//23_4_32
  68                                                                                          0x30,0x40,0x2b,0x40,0x40,0x40,0x26,0x40,//12.53
  69                                                                                          0x26,0x40,0x26,0x40,0x24,0x40,0x20,0x40,//3345
  70                                                                                          0x20,0x40,0x24,0x40,0x26,0x40,0x24,0x20,0x2b,0x20,//5434_2_
  71                                                                                          0x30,0x40,0x30,0x40,0x2b,0x40,0x26,0x40,//1123
  72                                                                                          0x2b,0x40,0x2b,0x20,0x30,0x20,0x30,0x40,0x30,0x40,//2.1_1-
  73                                                                                          0x00,
  74                             };
  75          uchar zdjs=0, jp;
  76          
  77          del(yj);
  78          /*
  79          typedef enum
  80          {
  81                  GPIO_PIN_0    = ((uint8_t)0x01),  //IO??Px0
  82                  GPIO_PIN_1    = ((uint8_t)0x02),  //IO??Px1
  83                  GPIO_PIN_2    = ((uint8_t)0x04),  //IO??Px2
  84                  GPIO_PIN_3    = ((uint8_t)0x08),  //IO??Px3
  85                  GPIO_PIN_4    = ((uint8_t)0x10),  //IO??Px4
  86                  GPIO_PIN_5    = ((uint8_t)0x20),  //IO??Px5
  87                  GPIO_PIN_6    = ((uint8_t)0x40),  //IO??Px6
  88                  GPIO_PIN_7    = ((uint8_t)0x80),  //IO??Px7
  89                  GPIO_PIN_LNIB = ((uint8_t)0x0F),  //IO??Px0~3
  90                  GPIO_PIN_HNIB = ((uint8_t)0xF0),  //IO??Px4~7
  91                  GPIO_PIN_ALL  = ((uint8_t)0xFF)   //IO??Px0~7
  92          }GPIO_Pin_TypeDef;
  93          */
  94          #define RELODE          65210
  95          typedef enum
  96          {
  97                  SEGCOM0 = 0,
  98                  SEGCOM1,
  99                  SEGCOM2,
 100                  SEGCOM3
 101          } comTypedef;
 102          
 103          unsigned char code segData[] = {0xD7,0x14,0xCD,0x5D,0x1E,0x5B,0xDB,0x15,0xDf,0x5F,0x9F,0xDA,0xC3,0xDC,0xCB
             -,0x8B,0x00,0xff,0x08};
 104          unsigned char i,j=0;
 105          unsigned char seg=0;
 106          unsigned long int exKeyValue;
 107          char number[4]={0,0,0,0};
 108          void segDisplay(comTypedef COMx, unsigned char data1, unsigned char dp)
 109          {       
 110   1      //      unsigned char digital = 0xff;
 111   1              switch(COMx)
 112   1              {
 113   2                      case 0: COM0 = 0;COM1 = 1;COM2 = 1; COM3 = 1;break;
 114   2                      case 1: COM0 = 1;COM1 = 0;COM2 = 1; COM3 = 1;break;
 115   2                      case 2: COM0 = 1;COM1 = 1;COM2 = 0; COM3 = 1;break;
C51 COMPILER V9.60.0.0   MAIN                                                              09/14/2022 16:14:24 PAGE 3   

 116   2                      case 3: COM0 = 1;COM1 = 1;COM2 = 1; COM3 = 0;break;
 117   2                      default : break;
 118   2              }
 119   1              
 120   1              SEG7 = data1&0x80;
 121   1              SEG6 = data1&0x40;
 122   1              SEG5 = dp;
 123   1              SEG4 = data1&0x10;
 124   1              SEG3 = data1&0x08;
 125   1              SEG2 = data1&0x04;
 126   1              SEG1 = data1&0x02;
 127   1              SEG0 = data1&0x01;
 128   1      
 129   1      }
 130          
 131          /*!
 132           * \description: main
 133           * \return {*}
 134           */
 135          void main()
 136          {
 137   1              
 138   1              uint dpjs=0;
 139   1          uchar yj;
 140   1              P0CON |= 0xff;
 141   1              P1CON |= 0xff;
 142   1              P2CON |= 0x01;
 143   1              P5CON |= 0xff;
 144   1              TMCON &= 0XFE;
 145   1              TMOD &= 0X11;
 146   1      
 147   1              TL0 = RELODE % 256;
 148   1              TH0 = RELODE / 256;
 149   1              TR0 = 1;
 150   1              ET0 = 1;
 151   1              IPT0 = 0;
 152   1              
 153   1              TL1 = 45535 % 256;
 154   1              TH1 = 45535 / 256;
 155   1              TR1 = 1;
 156   1              ET1 = 1;
 157   1              IPT1 = 0;
 158   1              EA = 1;
 159   1      
 160   1      
 161   1              TouchKeyInit();
 162   1              while(1)
 163   1              {
 164   2      /////////////////
 165   2      
 166   2            zdjs=0;
 167   2            dpjs++; yj=sound[dpjs]; 
 168   2            dpjs++; jp=sound[dpjs];
 169   2                while(zdjs!=jp)
 170   2             { 
 171   3            if(yj!=0xff)
 172   3                 {
 173   4                       if(yj!=0)
 174   4                         {
 175   5                                      BUZ=!BUZ;
 176   5                                       del(yj);
 177   5                              }
C51 COMPILER V9.60.0.0   MAIN                                                              09/14/2022 16:14:24 PAGE 4   

 178   4                              else
 179   4                              {
 180   5                                dpjs=0; 
 181   5                                break;
 182   5                              }
 183   4                      }
 184   3                      else
 185   3                        {
 186   4                              BUZ=0;
 187   4                                               del(jp);
 188   4                      }
 189   3                      }
 190   2      
 191   2      //////////////////////
 192   2                      
 193   2                      if(SOCAPI_TouchKeyStatus&0x80)
 194   2                      {
 195   3                              SOCAPI_TouchKeyStatus&=0x7F;
 196   3                              exKeyValue = TouchKeyScan();
 197   3      
 198   3                              TouchKeyRestart();
 199   3                      }
 200   2                      
 201   2                      if(exKeyValue)
 202   2                      {
 203   3                              switch(exKeyValue)
 204   3                              {
 205   4                                      case 0x00040000:number[0]=1;BUZ = 1;break;
 206   4                                      case 0x00002000:number[0]=3;BUZ = ~BUZ;break;
 207   4                                      case 0x00001000:number[0]=4;BUZ = ~BUZ;break;
 208   4                                      case 0x00080000:number[0]=2;BUZ = ~BUZ;break;
 209   4                                      default : number[0]=0;break;
 210   4                              }
 211   3                      }
 212   2              }
 213   1      }
 214          
 215          
 216          
 217          del(yj)
 218          {
 219   1              uchar yj2=4;
 220   1              while(yj!=0)
 221   1               {      
 222   2                 while(yj2!=0)
 223   2                        {
 224   3                               yj2--;
 225   3                              }
 226   2                              yj2=2;
 227   2                      yj--;  
 228   2              }
 229   1      }
 230          
 231          
 232          
 233          /*!
 234           * \description: interrupt timer2
 235           * \return {*}
 236           */
 237          void LEDdisplay() interrupt 1
 238          {
 239   1              TL0 = RELODE % 256;
C51 COMPILER V9.60.0.0   MAIN                                                              09/14/2022 16:14:24 PAGE 5   

 240   1              TH0 = RELODE / 256;
 241   1              switch(seg++)
 242   1              {
 243   2                      case 0:segDisplay(SEGCOM0,segData[number[0]],1);break;
 244   2                      case 63:segDisplay(SEGCOM1,segData[2],1);break;
 245   2                      case 127:segDisplay(SEGCOM2,segData[3],1);break;
 246   2                      case 191:segDisplay(SEGCOM3,segData[4],1);break;
 247   2                      default : break;
 248   2              }
 249   1      }
 250          
 251          void BEEP() interrupt 3
 252          {
 253   1              TL1 = 45535 % 256;
 254   1              TH1 = 45535 / 256;
 255   1              zdjs++;
 256   1      }
*** WARNING C290 IN LINE 229 OF main.c: missing return value


MODULE INFORMATION:   STATIC OVERLAYABLE
   CODE SIZE        =    485    ----
   CONSTANT SIZE    =    163    ----
   XDATA SIZE       =   ----    ----
   PDATA SIZE       =   ----    ----
   DATA SIZE        =     13       3
   IDATA SIZE       =   ----    ----
   BIT SIZE         =   ----    ----
END OF MODULE INFORMATION.


C51 COMPILATION COMPLETE.  1 WARNING(S),  0 ERROR(S)
